<?xml version="1.0" encoding="UTF-8"?>
<testsuite xmlns:xsi="http://www.w3.org/2001/XMLSchema-instance" xsi:noNamespaceSchemaLocation="https://maven.apache.org/surefire/maven-surefire-plugin/xsd/surefire-test-report-3.0.xsd" version="3.0" name="org.example.microservice_courses.MicroserviceCoursesApplicationTests" time="14.237" tests="1" errors="0" skipped="0" failures="0">
  <properties>
[...]
</properties>
  <testcase name="contextLoads" classname="org.example.microservice_courses.MicroserviceCoursesApplicationTests" time="1.093">
    <system-out><![CDATA[22:27:29.496 [main] INFO org.springframework.test.context.support.AnnotationConfigContextLoaderUtils -- Could not detect default configuration classes for test class [org.example.microservice_courses.MicroserviceCoursesApplicationTests]: MicroserviceCoursesApplicationTests does not declare any static, non-private, non-final, nested classes annotated with @Configuration.
22:27:29.771 [main] INFO org.springframework.boot.test.context.SpringBootTestContextBootstrapper -- Found @SpringBootConfiguration org.example.microservice_courses.MicroserviceCoursesApplication for test class org.example.microservice_courses.MicroserviceCoursesApplicationTests

  .   ____          _            __ _ _
 /\\ / ___'_ __ _ _(_)_ __  __ _ \ \ \ \
( ( )\___ | '_ | '_| | '_ \/ _` | \ \ \ \
 \\/  ___)| |_)| | | | | || (_| |  ) ) ) )
  '  |____| .__|_| |_|_| |_\__, | / / / /
 =========|_|==============|___/=/_/_/_/

 :: Spring Boot ::                (v3.3.4)

2024-10-06T22:27:31.346-05:00  INFO 714336 --- [microservice_courses] [           main] .e.m.MicroserviceCoursesApplicationTests : Starting MicroserviceCoursesApplicationTests using Java 22.0.1 with PID 714336 (started by jorge l in C:\Users\jorge l\OneDrive\Escritorio\backend-cloud\cursos_service)
2024-10-06T22:27:31.350-05:00  INFO 714336 --- [microservice_courses] [           main] .e.m.MicroserviceCoursesApplicationTests : No active profile set, falling back to 1 default profile: "default"
2024-10-06T22:27:33.032-05:00  INFO 714336 --- [microservice_courses] [           main] .s.d.r.c.RepositoryConfigurationDelegate : Bootstrapping Spring Data JPA repositories in DEFAULT mode.
2024-10-06T22:27:33.203-05:00  INFO 714336 --- [microservice_courses] [           main] .s.d.r.c.RepositoryConfigurationDelegate : Finished Spring Data repository scanning in 152 ms. Found 2 JPA repository interfaces.
2024-10-06T22:27:34.546-05:00  INFO 714336 --- [microservice_courses] [           main] o.hibernate.jpa.internal.util.LogHelper  : HHH000204: Processing PersistenceUnitInfo [name: default]
2024-10-06T22:27:34.765-05:00  INFO 714336 --- [microservice_courses] [           main] org.hibernate.Version                    : HHH000412: Hibernate ORM core version 6.5.3.Final
2024-10-06T22:27:34.854-05:00  INFO 714336 --- [microservice_courses] [           main] o.h.c.internal.RegionFactoryInitiator    : HHH000026: Second-level cache disabled
2024-10-06T22:27:35.583-05:00  INFO 714336 --- [microservice_courses] [           main] o.s.o.j.p.SpringPersistenceUnitInfo      : No LoadTimeWeaver setup: ignoring JPA class transformer
2024-10-06T22:27:35.658-05:00  INFO 714336 --- [microservice_courses] [           main] com.zaxxer.hikari.HikariDataSource       : HikariPool-1 - Starting...
2024-10-06T22:27:37.088-05:00  INFO 714336 --- [microservice_courses] [           main] com.zaxxer.hikari.pool.HikariPool        : HikariPool-1 - Added connection org.postgresql.jdbc.PgConnection@7ef8e623
2024-10-06T22:27:37.091-05:00  INFO 714336 --- [microservice_courses] [           main] com.zaxxer.hikari.HikariDataSource       : HikariPool-1 - Start completed.
2024-10-06T22:27:39.707-05:00  INFO 714336 --- [microservice_courses] [           main] o.h.e.t.j.p.i.JtaPlatformInitiator       : HHH000489: No JTA platform available (set 'hibernate.transaction.jta.platform' to enable JTA platform integration)
2024-10-06T22:27:39.712-05:00  INFO 714336 --- [microservice_courses] [           main] j.LocalContainerEntityManagerFactoryBean : Initialized JPA EntityManagerFactory for persistence unit 'default'
2024-10-06T22:27:40.966-05:00  WARN 714336 --- [microservice_courses] [           main] JpaBaseConfiguration$JpaWebConfiguration : spring.jpa.open-in-view is enabled by default. Therefore, database queries may be performed during view rendering. Explicitly configure spring.jpa.open-in-view to disable this warning
2024-10-06T22:27:42.115-05:00  INFO 714336 --- [microservice_courses] [           main] .e.m.MicroserviceCoursesApplicationTests : Started MicroserviceCoursesApplicationTests in 11.994 seconds (process running for 14.647)
]]></system-out>
    <system-err><![CDATA[WARNING: A Java agent has been loaded dynamically (C:\Users\jorge l\.m2\repository\net\bytebuddy\byte-buddy-agent\1.14.19\byte-buddy-agent-1.14.19.jar)
WARNING: If a serviceability tool is in use, please run with -XX:+EnableDynamicAgentLoading to hide this warning
WARNING: If a serviceability tool is not in use, please run with -Djdk.instrument.traceUsage for more information
WARNING: Dynamic loading of agents will be disallowed by default in a future release
]]></system-err>
  </testcase>
</testsuite>